c:\users\brahm\desktop\hw4\threadpool\debug\vc140.pdb
c:\users\brahm\desktop\hw4\threadpool\debug\vc140.idb
c:\users\brahm\desktop\hw4\threadpool\debug\threadexecutiontask.obj
c:\users\brahm\desktop\hw4\threadpool\debug\threadpl.obj
c:\users\brahm\desktop\hw4\debug\threadpl.ilk
c:\users\brahm\desktop\hw4\debug\threadpl.exe
c:\users\brahm\desktop\hw4\debug\threadpl.pdb
c:\users\brahm\documents\ood\p4\threadpool\debug\threadexecutiontask.obj
c:\users\brahm\documents\ood\p4\threadpool\debug\threadpl.obj
c:\users\brahm\documents\ood\p4\threadpool\debug\vc140.idb
c:\users\brahm\documents\ood\p4\threadpool\debug\vc140.pdb
c:\users\brahm\documents\ood\p4\debug\threadpl.pdb
c:\users\brahm\documents\ood\p4\debug\threadpl.exe
c:\users\brahm\documents\ood\p4\debug\threadpl.ilk
c:\users\brahm\documents\ood\p4\threadpool\debug\threadpl.tlog\cl.command.1.tlog
c:\users\brahm\documents\ood\p4\threadpool\debug\threadpl.tlog\cl.read.1.tlog
c:\users\brahm\documents\ood\p4\threadpool\debug\threadpl.tlog\cl.write.1.tlog
c:\users\brahm\documents\ood\p4\threadpool\debug\threadpl.tlog\link.command.1.tlog
c:\users\brahm\documents\ood\p4\threadpool\debug\threadpl.tlog\link.read.1.tlog
c:\users\brahm\documents\ood\p4\threadpool\debug\threadpl.tlog\link.write.1.tlog
