e:\coursework\c++\hw3\dependencyanalyzer\debug\dependencyanalyzer.pdb
e:\coursework\c++\hw3\dependencyanalyzer\debug\dependencyanalyzer.idb
e:\coursework\c++\hw3\dependencyanalyzer\debug\filemgr.obj
e:\coursework\c++\hw3\dependencyanalyzer\debug\filesystem.obj
e:\coursework\c++\hw3\dependencyanalyzer\debug\abstracttree.obj
e:\coursework\c++\hw3\dependencyanalyzer\debug\actionsandrules.obj
e:\coursework\c++\hw3\dependencyanalyzer\debug\analyser.obj
e:\coursework\c++\hw3\dependencyanalyzer\debug\configureparser.obj
e:\coursework\c++\hw3\dependencyanalyzer\debug\parser.obj
e:\coursework\c++\hw3\dependencyanalyzer\debug\scopestack.obj
e:\coursework\c++\hw3\dependencyanalyzer\debug\semiexp.obj
e:\coursework\c++\hw3\dependencyanalyzer\debug\tokenizer.obj
e:\coursework\c++\hw3\dependencyanalyzer\debug\utilities.obj
e:\coursework\c++\hw3\dependencyanalyzer\debug\dependencyanalyzer.obj
e:\coursework\c++\hw3\debug\dependencyanalyzer.lib
e:\coursework\c++\hw3\debug\dependencyanalyzer.pdb
e:\coursework\c++\hw3\dependencyanalyzer\debug\dependen.fb210764.tlog\cl.command.1.tlog
e:\coursework\c++\hw3\dependencyanalyzer\debug\dependen.fb210764.tlog\cl.read.1.tlog
e:\coursework\c++\hw3\dependencyanalyzer\debug\dependen.fb210764.tlog\cl.write.1.tlog
e:\coursework\c++\hw3\dependencyanalyzer\debug\dependen.fb210764.tlog\lib-link.read.1.tlog
e:\coursework\c++\hw3\dependencyanalyzer\debug\dependen.fb210764.tlog\lib-link.write.1.tlog
e:\coursework\c++\hw3\dependencyanalyzer\debug\dependen.fb210764.tlog\lib.command.1.tlog
