d:\docs\algorithms\new folder\viji p4_latest\viji p4_latest\msgclient\release\vc140.pdb
d:\docs\algorithms\new folder\viji p4_latest\viji p4_latest\msgclient\release\msgclient.obj
d:\docs\algorithms\new folder\viji p4_latest\viji p4_latest\msgclient\release\utilities.obj
d:\docs\algorithms\new folder\viji p4_latest\viji p4_latest\msgclient\release\tokenizer.obj
d:\docs\algorithms\new folder\viji p4_latest\viji p4_latest\msgclient\release\sockets.obj
d:\docs\algorithms\new folder\viji p4_latest\viji p4_latest\msgclient\release\semiexp.obj
d:\docs\algorithms\new folder\viji p4_latest\viji p4_latest\msgclient\release\scopestack.obj
d:\docs\algorithms\new folder\viji p4_latest\viji p4_latest\msgclient\release\parser.obj
d:\docs\algorithms\new folder\viji p4_latest\viji p4_latest\msgclient\release\configureparser.obj
d:\docs\algorithms\new folder\viji p4_latest\viji p4_latest\msgclient\release\analyser.obj
d:\docs\algorithms\new folder\viji p4_latest\viji p4_latest\msgclient\release\actionsandrules.obj
d:\docs\algorithms\new folder\viji p4_latest\viji p4_latest\msgclient\release\abstracttree.obj
d:\docs\algorithms\new folder\viji p4_latest\viji p4_latest\msgclient\release\paralleldependencyanalysis.obj
d:\docs\algorithms\new folder\viji p4_latest\viji p4_latest\msgclient\release\logger.obj
d:\docs\algorithms\new folder\viji p4_latest\viji p4_latest\msgclient\release\cpp11-blockingqueue.obj
d:\docs\algorithms\new folder\viji p4_latest\viji p4_latest\msgclient\release\httpmessage.obj
d:\docs\algorithms\new folder\viji p4_latest\viji p4_latest\msgclient\release\filesystem.obj
d:\docs\algorithms\new folder\viji p4_latest\viji p4_latest\msgclient\release\filemgr.obj
d:\docs\algorithms\new folder\viji p4_latest\viji p4_latest\msgclient\release\dependencyanalyzer.obj
d:\docs\algorithms\new folder\viji p4_latest\viji p4_latest\release\msgclient.exe
d:\docs\algorithms\new folder\viji p4_latest\viji p4_latest\release\msgclient.ipdb
d:\docs\algorithms\new folder\viji p4_latest\viji p4_latest\release\msgclient.iobj
d:\docs\algorithms\new folder\viji p4_latest\viji p4_latest\release\msgclient.pdb
d:\docs\algorithms\new folder\viji p4_latest\viji p4_latest\msgclient\release\msgclient.tlog\cl.command.1.tlog
d:\docs\algorithms\new folder\viji p4_latest\viji p4_latest\msgclient\release\msgclient.tlog\cl.read.1.tlog
d:\docs\algorithms\new folder\viji p4_latest\viji p4_latest\msgclient\release\msgclient.tlog\cl.write.1.tlog
d:\docs\algorithms\new folder\viji p4_latest\viji p4_latest\msgclient\release\msgclient.tlog\link.command.1.tlog
d:\docs\algorithms\new folder\viji p4_latest\viji p4_latest\msgclient\release\msgclient.tlog\link.read.1.tlog
d:\docs\algorithms\new folder\viji p4_latest\viji p4_latest\msgclient\release\msgclient.tlog\link.write.1.tlog
