c:\users\brahm\desktop\hw4\httpmessage\debug\vc140.pdb
c:\users\brahm\desktop\hw4\httpmessage\debug\vc140.idb
c:\users\brahm\desktop\hw4\httpmessage\debug\utilities.obj
c:\users\brahm\desktop\hw4\httpmessage\debug\httpmessage.obj
c:\users\brahm\desktop\hw4\debug\httpmessage.ilk
c:\users\brahm\desktop\hw4\debug\httpmessage.exe
c:\users\brahm\desktop\hw4\debug\httpmessage.pdb
c:\users\brahm\documents\ood\p4\httpmessage\debug\httpmessage.obj
c:\users\brahm\documents\ood\p4\httpmessage\debug\utilities.obj
c:\users\brahm\documents\ood\p4\httpmessage\debug\vc140.idb
c:\users\brahm\documents\ood\p4\httpmessage\debug\vc140.pdb
c:\users\brahm\documents\ood\p4\debug\httpmessage.pdb
c:\users\brahm\documents\ood\p4\debug\httpmessage.exe
c:\users\brahm\documents\ood\p4\debug\httpmessage.ilk
c:\users\brahm\documents\ood\p4\httpmessage\debug\httpmessage.tlog\cl.command.1.tlog
c:\users\brahm\documents\ood\p4\httpmessage\debug\httpmessage.tlog\cl.read.1.tlog
c:\users\brahm\documents\ood\p4\httpmessage\debug\httpmessage.tlog\cl.write.1.tlog
c:\users\brahm\documents\ood\p4\httpmessage\debug\httpmessage.tlog\link.command.1.tlog
c:\users\brahm\documents\ood\p4\httpmessage\debug\httpmessage.tlog\link.read.1.tlog
c:\users\brahm\documents\ood\p4\httpmessage\debug\httpmessage.tlog\link.write.1.tlog
