c:\users\brahm\desktop\hw4\paralleldependencyanalysis\debug\paralleldependencyanalysis.pdb
c:\users\brahm\desktop\hw4\paralleldependencyanalysis\debug\paralleldependencyanalysis.idb
c:\users\brahm\desktop\hw4\paralleldependencyanalysis\debug\dependencyanalyzer.obj
c:\users\brahm\desktop\hw4\paralleldependencyanalysis\debug\filemgr.obj
c:\users\brahm\desktop\hw4\paralleldependencyanalysis\debug\filesystem.obj
c:\users\brahm\desktop\hw4\paralleldependencyanalysis\debug\abstracttree.obj
c:\users\brahm\desktop\hw4\paralleldependencyanalysis\debug\actionsandrules.obj
c:\users\brahm\desktop\hw4\paralleldependencyanalysis\debug\analyser.obj
c:\users\brahm\desktop\hw4\paralleldependencyanalysis\debug\configureparser.obj
c:\users\brahm\desktop\hw4\paralleldependencyanalysis\debug\parser.obj
c:\users\brahm\desktop\hw4\paralleldependencyanalysis\debug\scopestack.obj
c:\users\brahm\desktop\hw4\paralleldependencyanalysis\debug\semiexp.obj
c:\users\brahm\desktop\hw4\paralleldependencyanalysis\debug\tokenizer.obj
c:\users\brahm\desktop\hw4\paralleldependencyanalysis\debug\utilities.obj
c:\users\brahm\desktop\hw4\paralleldependencyanalysis\debug\paralleldependencyanalysis.obj
c:\users\brahm\desktop\hw4\debug\paralleldependencyanalysis.lib
c:\users\brahm\documents\ood\p4\paralleldependencyanalysis\debug\abstracttree.obj
c:\users\brahm\documents\ood\p4\paralleldependencyanalysis\debug\actionsandrules.obj
c:\users\brahm\documents\ood\p4\paralleldependencyanalysis\debug\analyser.obj
c:\users\brahm\documents\ood\p4\paralleldependencyanalysis\debug\configureparser.obj
c:\users\brahm\documents\ood\p4\paralleldependencyanalysis\debug\dependencyanalyzer.obj
c:\users\brahm\documents\ood\p4\paralleldependencyanalysis\debug\filemgr.obj
c:\users\brahm\documents\ood\p4\paralleldependencyanalysis\debug\filesystem.obj
c:\users\brahm\documents\ood\p4\paralleldependencyanalysis\debug\paralleldependencyanalysis.obj
c:\users\brahm\documents\ood\p4\paralleldependencyanalysis\debug\parser.obj
c:\users\brahm\documents\ood\p4\paralleldependencyanalysis\debug\scopestack.obj
c:\users\brahm\documents\ood\p4\paralleldependencyanalysis\debug\semiexp.obj
c:\users\brahm\documents\ood\p4\paralleldependencyanalysis\debug\tokenizer.obj
c:\users\brahm\documents\ood\p4\paralleldependencyanalysis\debug\utilities.obj
c:\users\brahm\documents\ood\p4\paralleldependencyanalysis\debug\paralleldependencyanalysis.idb
c:\users\brahm\documents\ood\p4\paralleldependencyanalysis\debug\paralleldependencyanalysis.pdb
c:\users\brahm\documents\ood\p4\debug\paralleldependencyanalysis.pdb
c:\users\brahm\documents\ood\p4\debug\paralleldependencyanalysis.lib
c:\users\brahm\documents\ood\p4\paralleldependencyanalysis\debug\parallel.27b302af.tlog\cl.command.1.tlog
c:\users\brahm\documents\ood\p4\paralleldependencyanalysis\debug\parallel.27b302af.tlog\cl.read.1.tlog
c:\users\brahm\documents\ood\p4\paralleldependencyanalysis\debug\parallel.27b302af.tlog\cl.write.1.tlog
c:\users\brahm\documents\ood\p4\paralleldependencyanalysis\debug\parallel.27b302af.tlog\lib-link.read.1.tlog
c:\users\brahm\documents\ood\p4\paralleldependencyanalysis\debug\parallel.27b302af.tlog\lib-link.write.1.tlog
c:\users\brahm\documents\ood\p4\paralleldependencyanalysis\debug\parallel.27b302af.tlog\lib.command.1.tlog
