c:\users\brahm\desktop\hw4\msgserver\debug\vc140.pdb
c:\users\brahm\desktop\hw4\msgserver\debug\vc140.idb
c:\users\brahm\desktop\hw4\msgserver\debug\filesystem.obj
c:\users\brahm\desktop\hw4\msgserver\debug\httpmessage.obj
c:\users\brahm\desktop\hw4\msgserver\debug\cpp11-blockingqueue.obj
c:\users\brahm\desktop\hw4\msgserver\debug\logger.obj
c:\users\brahm\desktop\hw4\msgserver\debug\sockets.obj
c:\users\brahm\desktop\hw4\msgserver\debug\utilities.obj
c:\users\brahm\desktop\hw4\msgserver\debug\msgserver.obj
c:\users\brahm\desktop\hw4\debug\msgserver.ilk
c:\users\brahm\desktop\hw4\debug\msgserver.exe
c:\users\brahm\desktop\hw4\debug\msgserver.pdb
c:\users\brahm\documents\ood\p4\msgserver\debug\cpp11-blockingqueue.obj
c:\users\brahm\documents\ood\p4\msgserver\debug\filesystem.obj
c:\users\brahm\documents\ood\p4\msgserver\debug\httpmessage.obj
c:\users\brahm\documents\ood\p4\msgserver\debug\logger.obj
c:\users\brahm\documents\ood\p4\msgserver\debug\msgserver.obj
c:\users\brahm\documents\ood\p4\msgserver\debug\sockets.obj
c:\users\brahm\documents\ood\p4\msgserver\debug\utilities.obj
c:\users\brahm\documents\ood\p4\msgserver\debug\vc140.idb
c:\users\brahm\documents\ood\p4\msgserver\debug\vc140.pdb
c:\users\brahm\documents\ood\p4\debug\msgserver.pdb
c:\users\brahm\documents\ood\p4\debug\msgserver.exe
c:\users\brahm\documents\ood\p4\debug\msgserver.ilk
c:\users\brahm\documents\ood\p4\msgserver\debug\msgserver.tlog\cl.command.1.tlog
c:\users\brahm\documents\ood\p4\msgserver\debug\msgserver.tlog\cl.read.1.tlog
c:\users\brahm\documents\ood\p4\msgserver\debug\msgserver.tlog\cl.write.1.tlog
c:\users\brahm\documents\ood\p4\msgserver\debug\msgserver.tlog\link.command.1.tlog
c:\users\brahm\documents\ood\p4\msgserver\debug\msgserver.tlog\link.read.1.tlog
c:\users\brahm\documents\ood\p4\msgserver\debug\msgserver.tlog\link.write.1.tlog
