c:\users\vijit\desktop\project2helpercode\latest\parser\x64\debug\vc140.pdb
c:\users\vijit\desktop\project2helpercode\latest\parser\x64\debug\vc140.idb
c:\users\vijit\desktop\project2helpercode\latest\parser\x64\debug\filesystem.obj
c:\users\vijit\desktop\project2helpercode\latest\parser\x64\debug\scopestack.obj
c:\users\vijit\desktop\project2helpercode\latest\parser\x64\debug\semiexp.obj
c:\users\vijit\desktop\project2helpercode\latest\parser\x64\debug\tokenizer.obj
c:\users\vijit\desktop\project2helpercode\latest\parser\x64\debug\utilities.obj
c:\users\vijit\desktop\project2helpercode\latest\parser\x64\debug\actionsandrules.obj
c:\users\vijit\desktop\project2helpercode\latest\parser\x64\debug\configureparser.obj
c:\users\vijit\desktop\project2helpercode\latest\parser\x64\debug\parser.obj
c:\users\vijit\desktop\project2helpercode\latest\parser\x64\debug\abstracttree.obj
c:\users\vijit\desktop\project2helpercode\latest\parser\x64\debug\metricexecutive.obj
c:\users\vijit\desktop\project2helpercode\latest\x64\debug\parser.ilk
c:\users\vijit\desktop\project2helpercode\latest\x64\debug\parser.exe
c:\users\vijit\desktop\project2helpercode\latest\x64\debug\parser.pdb
c:\users\vijit\desktop\project2helpercode\latest\parser\x64\debug\parser.tlog\cl.command.1.tlog
c:\users\vijit\desktop\project2helpercode\latest\parser\x64\debug\parser.tlog\cl.read.1.tlog
c:\users\vijit\desktop\project2helpercode\latest\parser\x64\debug\parser.tlog\cl.write.1.tlog
c:\users\vijit\desktop\project2helpercode\latest\parser\x64\debug\parser.tlog\link.command.1.tlog
c:\users\vijit\desktop\project2helpercode\latest\parser\x64\debug\parser.tlog\link.read.1.tlog
c:\users\vijit\desktop\project2helpercode\latest\parser\x64\debug\parser.tlog\link.write.1.tlog
