c:\users\brahm\desktop\hw4\semiexp\debug\vc140.pdb
c:\users\brahm\desktop\hw4\semiexp\debug\vc140.idb
c:\users\brahm\desktop\hw4\semiexp\debug\tokenizer.obj
c:\users\brahm\desktop\hw4\semiexp\debug\utilities.obj
c:\users\brahm\desktop\hw4\semiexp\debug\semiexp.obj
c:\users\brahm\desktop\hw4\debug\semiexp.ilk
c:\users\brahm\desktop\hw4\debug\semiexp.exe
c:\users\brahm\desktop\hw4\debug\semiexp.pdb
c:\users\brahm\documents\ood\p4\semiexp\debug\semiexp.obj
c:\users\brahm\documents\ood\p4\semiexp\debug\tokenizer.obj
c:\users\brahm\documents\ood\p4\semiexp\debug\utilities.obj
c:\users\brahm\documents\ood\p4\semiexp\debug\vc140.idb
c:\users\brahm\documents\ood\p4\semiexp\debug\vc140.pdb
c:\users\brahm\documents\ood\p4\debug\semiexp.pdb
c:\users\brahm\documents\ood\p4\debug\semiexp.exe
c:\users\brahm\documents\ood\p4\debug\semiexp.ilk
c:\users\brahm\documents\ood\p4\semiexp\debug\semiexp.tlog\cl.command.1.tlog
c:\users\brahm\documents\ood\p4\semiexp\debug\semiexp.tlog\cl.read.1.tlog
c:\users\brahm\documents\ood\p4\semiexp\debug\semiexp.tlog\cl.write.1.tlog
c:\users\brahm\documents\ood\p4\semiexp\debug\semiexp.tlog\link.command.1.tlog
c:\users\brahm\documents\ood\p4\semiexp\debug\semiexp.tlog\link.read.1.tlog
c:\users\brahm\documents\ood\p4\semiexp\debug\semiexp.tlog\link.write.1.tlog
